Library/Bee/Android/Prj/IL2CPP/Gradle/unityLibrary/IronSource.plugin/build/intermediates/manifest_merge_blame_file/release/manifest-merger-blame-release-report.txt
1<?xml version="1.0" encoding="utf-8"?>
2<manifest xmlns:android="http://schemas.android.com/apk/res/android"
3    package="com.ironsource.unity" >
4
5    <uses-sdk
6        android:minSdkVersion="1"
6-->unityLibrary\IronSource.plugin\AndroidManifest.xml
7        android:targetSdkVersion="22" />
7-->unityLibrary\IronSource.plugin\AndroidManifest.xml
8
9    <uses-permission android:name="android.permission.INTERNET" />
9-->unityLibrary\IronSource.plugin\AndroidManifest.xml:5:5-67
9-->unityLibrary\IronSource.plugin\AndroidManifest.xml:5:22-64
10    <uses-permission android:name="android.permission.ACCESS_NETWORK_STATE" />
10-->unityLibrary\IronSource.plugin\AndroidManifest.xml:6:5-79
10-->unityLibrary\IronSource.plugin\AndroidManifest.xml:6:22-76
11    <uses-permission android:name="android.permission.ACCESS_WIFI_STATE" />
11-->unityLibrary\IronSource.plugin\AndroidManifest.xml:7:5-76
11-->unityLibrary\IronSource.plugin\AndroidManifest.xml:7:22-73
12    <uses-permission android:name="com.google.android.gms.permission.AD_ID" />
12-->unityLibrary\IronSource.plugin\AndroidManifest.xml:8:5-79
12-->unityLibrary\IronSource.plugin\AndroidManifest.xml:8:22-76
13
14    <application>
14-->unityLibrary\IronSource.plugin\AndroidManifest.xml:10:5-20:19
15
16        <!-- AdMob -->
17
18
19        <!-- As Requiered By Admob please add your App ID -->
20
21
22        <!-- <meta-data -->
23        <!-- android:name="com.google.android.gms.ads.APPLICATION_ID" -->
24        <!-- android:value="YOUR_ADMOB_APP_ID"/> -->
25
26    </application>
27
28</manifest>